<?xml version="1.0" encoding="UTF-8"?>
<!-- Generated by org.testng.reporters.JUnitReportReporter -->
<testsuite hostname="jhet" failures="0" tests="1" name="runner.Runner" time="10.997" errors="0" timestamp="07 Jun 2024 15:12:59 GMT" skipped="0">
  <testcase classname="runner.Runner" name="runScenario" time="10.997"/>
</testsuite> <!-- runner.Runner -->
