<?xml version="1.0" encoding="UTF-8"?>
<!-- Generated by org.testng.reporters.JUnitReportReporter -->
<testsuite hostname="jhet" failures="0" tests="1" name="tests.ThreeTest" time="21.946" errors="0" timestamp="07 Jun 2024 14:18:13 GMT" skipped="0">
  <testcase classname="tests.ThreeTest" name="testThree" time="21.946"/>
</testsuite> <!-- tests.ThreeTest -->
