<?xml version="1.0" encoding="UTF-8"?>
<!-- Generated by org.testng.reporters.JUnitReportReporter -->
<testsuite hostname="jhet" failures="0" tests="2" name="tests.LogincTest" time="39.489" errors="0" timestamp="07 Jun 2024 14:18:13 GMT" skipped="0">
  <testcase classname="tests.LogincTest" name="login" time="8.138"/>
  <testcase classname="tests.LogincTest" name="login" time="31.351"/>
</testsuite> <!-- tests.LogincTest -->
