<?xml version="1.0" encoding="UTF-8"?>
<!-- Generated by org.testng.reporters.JUnitReportReporter -->
<testsuite hostname="jhet" failures="0" tests="1" name="tests.FourTest" time="0.002" errors="0" timestamp="2024-06-04T23:53:34 IST" skipped="0">
  <testcase classname="tests.FourTest" name="testFour" time="0.002"/>
</testsuite> <!-- tests.FourTest -->
