<?xml version="1.0" encoding="UTF-8"?>
<!-- Generated by org.testng.reporters.JUnitReportReporter -->
<testsuite hostname="jhet" failures="0" tests="1" name="tests.TwoTest" time="0.020" errors="0" timestamp="2024-06-04T23:53:34 IST" skipped="0">
  <testcase classname="tests.TwoTest" name="testTwo" time="0.020"/>
</testsuite> <!-- tests.TwoTest -->
