<?xml version="1.0" encoding="UTF-8"?>
<!-- Generated by org.testng.reporters.JUnitReportReporter -->
<testsuite hostname="jhet" failures="0" tests="1" name="runner.Runner" time="12.582" errors="0" timestamp="2024-06-07T21:04:45 IST" skipped="0">
  <testcase classname="runner.Runner" name="runScenario" time="12.582"/>
</testsuite> <!-- runner.Runner -->
